2026-02-24 21:46:43,559 [START] Time allocated: wtime=182000, btime=182000, winc=2000, binc=2000
2026-02-24 21:46:43,559 Panic Mode: Time low! Capping sims to 40000. alloc=10600.0ms safe=181000.0ms
2026-02-24 21:46:43,567 [START] Time allocated: wtime=182000, btime=182000, winc=2000, binc=2000
2026-02-24 21:46:43,568 Panic Mode: Time low! Capping sims to 40000. alloc=10600.0ms safe=181000.0ms
2026-02-24 21:46:51,157 [DONE] Move: d2d4 | Sims: 40192 | Time Used: 7.60s | NPS: 5290
2026-02-24 21:46:51,293 [DONE] Move: d2d4 | Sims: 40192 | Time Used: 7.72s | NPS: 5202
2026-02-24 21:47:11,341 [START] Time allocated: wtime=176342, btime=163877, winc=2000, binc=2000
2026-02-24 21:47:11,341 Panic Mode: Time low! Capping sims to 40000. alloc=10317.1ms safe=175342.0ms
2026-02-24 21:47:11,392 [START] Time allocated: wtime=176229, btime=163948, winc=2000, binc=2000
2026-02-24 21:47:11,392 Panic Mode: Time low! Capping sims to 40000. alloc=10311.5ms safe=175229.0ms
2026-02-24 21:47:17,878 [DONE] Move: e2e4 | Sims: 40191 | Time Used: 6.49s | NPS: 6196
2026-02-24 21:47:17,900 [DONE] Move: c2c4 | Sims: 40190 | Time Used: 6.56s | NPS: 6128
2026-02-24 21:47:26,104 [START] Time allocated: wtime=171679, btime=157788, winc=2000, binc=2000
2026-02-24 21:47:26,105 Panic Mode: Time low! Capping sims to 40000. alloc=10084.0ms safe=170679.0ms
2026-02-24 21:47:33,083 [DONE] Move: g1f3 | Sims: 40192 | Time Used: 6.98s | NPS: 5759
2026-02-24 21:47:43,429 [START] Time allocated: wtime=171731, btime=140401, winc=2000, binc=2000
2026-02-24 21:47:43,429 Panic Mode: Time low! Capping sims to 40000. alloc=10086.5ms safe=170731.0ms
2026-02-24 21:47:45,467 [START] Time allocated: wtime=166645, btime=147461, winc=2000, binc=2000
2026-02-24 21:47:45,467 Panic Mode: Time low! Capping sims to 40000. alloc=9832.2ms safe=165645.0ms
2026-02-24 21:47:50,991 [DONE] Move: g2g3 | Sims: 40184 | Time Used: 7.56s | NPS: 5314
2026-02-24 21:47:52,018 [DONE] Move: d4d5 | Sims: 40189 | Time Used: 6.55s | NPS: 6134
2026-02-24 21:48:03,501 [START] Time allocated: wtime=166121, btime=129940, winc=2000, binc=2000
2026-02-24 21:48:03,502 Panic Mode: Time low! Capping sims to 40000. alloc=9806.0ms safe=165121.0ms
2026-02-24 21:48:08,976 [DONE] Move: c1d2 | Sims: 40192 | Time Used: 5.47s | NPS: 7341
2026-02-24 21:48:16,834 [START] Time allocated: wtime=162043, btime=124697, winc=2000, binc=2000
2026-02-24 21:48:16,835 Panic Mode: Time low! Capping sims to 40000. alloc=9602.1ms safe=161043.0ms
2026-02-24 21:48:21,934 [START] Time allocated: wtime=162622, btime=119007, winc=2000, binc=2000
2026-02-24 21:48:21,934 Panic Mode: Time low! Capping sims to 40000. alloc=9631.1ms safe=161622.0ms
2026-02-24 21:48:23,093 [DONE] Move: d5e6 | Sims: 40192 | Time Used: 6.26s | NPS: 6422
2026-02-24 21:48:28,556 [DONE] Move: f1g2 | Sims: 40142 | Time Used: 6.62s | NPS: 6062
2026-02-24 21:48:30,976 [START] Time allocated: wtime=157763, btime=118836, winc=2000, binc=2000
2026-02-24 21:48:30,977 Panic Mode: Time low! Capping sims to 40000. alloc=9388.1ms safe=156763.0ms
2026-02-24 21:48:36,276 [DONE] Move: d1d8 | Sims: 40192 | Time Used: 5.30s | NPS: 7584
2026-02-24 21:48:36,946 [START] Time allocated: wtime=154423, btime=120208, winc=2000, binc=2000
2026-02-24 21:48:36,946 Panic Mode: Time low! Capping sims to 40000. alloc=9221.1ms safe=153423.0ms
2026-02-24 21:48:42,070 [DONE] Move: c1f4 | Sims: 40192 | Time Used: 5.12s | NPS: 7843
2026-02-24 21:48:49,153 [START] Time allocated: wtime=157968, btime=100443, winc=2000, binc=2000
2026-02-24 21:48:49,154 Panic Mode: Time low! Capping sims to 40000. alloc=9398.4ms safe=156968.0ms
2026-02-24 21:48:53,689 [START] Time allocated: wtime=151280, btime=110609, winc=2000, binc=2000
2026-02-24 21:48:53,689 Panic Mode: Time low! Capping sims to 40000. alloc=9064.0ms safe=150280.0ms
2026-02-24 21:48:54,274 [DONE] Move: g1f3 | Sims: 40192 | Time Used: 5.12s | NPS: 7850
2026-02-24 21:48:58,824 [DONE] Move: f3e5 | Sims: 40191 | Time Used: 5.13s | NPS: 7827
2026-02-24 21:49:08,166 [START] Time allocated: wtime=154825, btime=88576, winc=2000, binc=2000
2026-02-24 21:49:08,166 Panic Mode: Time low! Capping sims to 40000. alloc=9241.2ms safe=153825.0ms
2026-02-24 21:49:14,927 [DONE] Move: b1c3 | Sims: 40192 | Time Used: 6.76s | NPS: 5944
2026-02-24 21:49:17,438 [START] Time allocated: wtime=150047, btime=88083, winc=2000, binc=2000
2026-02-24 21:49:17,439 Panic Mode: Time low! Capping sims to 40000. alloc=9002.4ms safe=149047.0ms
2026-02-24 21:49:23,767 [DONE] Move: d1a4 | Sims: 40192 | Time Used: 6.33s | NPS: 6350
2026-02-24 21:49:46,283 [START] Time allocated: wtime=148125, btime=65171, winc=2000, binc=2000
2026-02-24 21:49:46,284 Panic Mode: Time low! Capping sims to 40000. alloc=8906.2ms safe=147125.0ms
2026-02-24 21:49:50,762 [START] Time allocated: wtime=145694, btime=63114, winc=2000, binc=2000
2026-02-24 21:49:50,763 Panic Mode: Time low! Capping sims to 40000. alloc=8784.7ms safe=144694.0ms
2026-02-24 21:49:51,686 [DONE] Move: f1d3 | Sims: 40192 | Time Used: 5.40s | NPS: 7439
2026-02-24 21:49:56,582 [DONE] Move: a4c4 | Sims: 40182 | Time Used: 5.82s | NPS: 6905
2026-02-24 21:50:03,037 [START] Time allocated: wtime=144700, btime=55844, winc=2000, binc=2000
2026-02-24 21:50:03,038 Panic Mode: Time low! Capping sims to 40000. alloc=8735.0ms safe=143700.0ms
2026-02-24 21:50:09,663 [DONE] Move: f4e3 | Sims: 40192 | Time Used: 6.63s | NPS: 6065
2026-02-24 21:50:13,808 [START] Time allocated: wtime=141848, btime=47916, winc=2000, binc=2000
2026-02-24 21:50:13,808 Panic Mode: Time low! Capping sims to 40000. alloc=8592.4ms safe=140848.0ms
2026-02-24 21:50:17,158 [START] Time allocated: wtime=140055, btime=50370, winc=2000, binc=2000
2026-02-24 21:50:17,158 Panic Mode: Time low! Capping sims to 40000. alloc=8502.8ms safe=139055.0ms
2026-02-24 21:50:19,741 [DONE] Move: c4b3 | Sims: 40180 | Time Used: 5.93s | NPS: 6772
2026-02-24 21:50:23,845 [DONE] Move: e3c5 | Sims: 40192 | Time Used: 6.69s | NPS: 6010
2026-02-24 21:50:28,049 [START] Time allocated: wtime=137885, btime=41639, winc=2000, binc=2000
2026-02-24 21:50:28,050 Panic Mode: Time low! Capping sims to 40000. alloc=8394.2ms safe=136885.0ms
2026-02-24 21:50:32,266 [START] Time allocated: wtime=135352, btime=43967, winc=2000, binc=2000
2026-02-24 21:50:32,267 Panic Mode: Time low! Capping sims to 40000. alloc=8267.6ms safe=134352.0ms
2026-02-24 21:50:34,634 [DONE] Move: a1c1 | Sims: 40192 | Time Used: 6.58s | NPS: 6104
2026-02-24 21:50:37,160 [START] Time allocated: wtime=133267, btime=41148, winc=2000, binc=2000
2026-02-24 21:50:37,160 Panic Mode: Time low! Capping sims to 40000. alloc=8163.4ms safe=132267.0ms
2026-02-24 21:50:38,921 [DONE] Move: c5d4 | Sims: 40192 | Time Used: 6.65s | NPS: 6039
2026-02-24 21:50:43,556 [DONE] Move: d2f4 | Sims: 40185 | Time Used: 6.40s | NPS: 6283
2026-02-24 21:50:47,502 [START] Time allocated: wtime=130682, btime=37404, winc=2000, binc=2000
2026-02-24 21:50:47,502 Panic Mode: Time low! Capping sims to 40000. alloc=8034.1ms safe=129682.0ms
2026-02-24 21:50:53,036 [DONE] Move: b1c3 | Sims: 40164 | Time Used: 5.53s | NPS: 7258
2026-02-24 21:51:00,946 [START] Time allocated: wtime=128853, btime=25778, winc=2000, binc=2000
2026-02-24 21:51:00,946 Panic Mode: Time low! Capping sims to 40000. alloc=7942.6ms safe=127853.0ms
2026-02-24 21:51:07,095 [DONE] Move: e2e3 | Sims: 40188 | Time Used: 6.15s | NPS: 6535
2026-02-24 21:51:23,899 [START] Time allocated: wtime=127131, btime=8559, winc=2000, binc=2000
2026-02-24 21:51:23,899 Panic Mode: Time low! Capping sims to 40000. alloc=7856.6ms safe=126131.0ms
2026-02-24 21:51:28,383 [START] Time allocated: wtime=124670, btime=6526, winc=2000, binc=2000
2026-02-24 21:51:28,383 Panic Mode: Time low! Capping sims to 40000. alloc=7733.5ms safe=123670.0ms
2026-02-24 21:51:30,066 [DONE] Move: e5f3 | Sims: 40192 | Time Used: 6.17s | NPS: 6517
2026-02-24 21:51:33,359 [START] Time allocated: wtime=122949, btime=7283, winc=2000, binc=2000
2026-02-24 21:51:33,359 Panic Mode: Time low! Capping sims to 40000. alloc=7647.4ms safe=121949.0ms
2026-02-24 21:51:34,089 [DONE] Move: h2h4 | Sims: 40192 | Time Used: 5.71s | NPS: 7043
2026-02-24 21:51:36,748 [START] Time allocated: wtime=120939, btime=5894, winc=2000, binc=2000
2026-02-24 21:51:36,748 Panic Mode: Time low! Capping sims to 40000. alloc=7546.9ms safe=119939.0ms
2026-02-24 21:51:39,447 [DONE] Move: f3d4 | Sims: 40192 | Time Used: 6.09s | NPS: 6601
2026-02-24 21:51:43,097 [DONE] Move: g3f4 | Sims: 40192 | Time Used: 6.35s | NPS: 6331
2026-02-24 21:51:43,719 [START] Time allocated: wtime=118839, btime=5035, winc=2000, binc=2000
2026-02-24 21:51:43,719 Panic Mode: Time low! Capping sims to 40000. alloc=7441.9ms safe=117839.0ms
2026-02-24 21:51:47,963 [START] Time allocated: wtime=116569, btime=3050, winc=2000, binc=2000
2026-02-24 21:51:47,963 Panic Mode: Time low! Capping sims to 40000. alloc=7328.4ms safe=115569.0ms
2026-02-24 21:51:50,329 [DONE] Move: d3e4 | Sims: 40192 | Time Used: 6.61s | NPS: 6080
2026-02-24 21:51:54,065 [DONE] Move: c3e4 | Sims: 40184 | Time Used: 6.10s | NPS: 6586
2026-02-24 21:51:54,483 [START] Time allocated: wtime=114212, btime=2899, winc=2000, binc=2000
2026-02-24 21:51:54,484 Panic Mode: Time low! Capping sims to 40000. alloc=7210.6ms safe=113212.0ms
2026-02-24 21:51:54,965 [START] Time allocated: wtime=112432, btime=4186, winc=2000, binc=2000
2026-02-24 21:51:54,966 Panic Mode: Time low! Capping sims to 40000. alloc=7121.6ms safe=111432.0ms
2026-02-24 21:52:01,076 [DONE] Move: e4b7 | Sims: 40192 | Time Used: 6.59s | NPS: 6096
2026-02-24 21:52:01,916 [DONE] Move: e4f6 | Sims: 40180 | Time Used: 6.95s | NPS: 5780
2026-02-24 21:52:02,247 [START] Time allocated: wtime=109596, btime=3752, winc=2000, binc=2000
2026-02-24 21:52:02,248 Panic Mode: Time low! Capping sims to 40000. alloc=6979.8ms safe=108596.0ms
2026-02-24 21:52:03,590 [START] Time allocated: wtime=107458, btime=4537, winc=2000, binc=2000
2026-02-24 21:52:03,591 Panic Mode: Time low! Capping sims to 40000. alloc=6872.9ms safe=106458.0ms
2026-02-24 21:52:09,055 [DONE] Move: b7a8 | Sims: 40192 | Time Used: 6.81s | NPS: 5904
2026-02-24 21:52:10,489 [DONE] Move: b3c2 | Sims: 39920 | Time Used: 6.90s | NPS: 5786
2026-02-24 21:52:10,655 [START] Time allocated: wtime=104740, btime=4203, winc=2000, binc=2000
2026-02-24 21:52:10,656 Panic Mode: Time low! Capping sims to 40000. alloc=6737.0ms safe=103740.0ms
2026-02-24 21:52:13,263 [START] Time allocated: wtime=102522, btime=3802, winc=2000, binc=2000
2026-02-24 21:52:13,263 Panic Mode: Time low! Capping sims to 40000. alloc=6626.1ms safe=101522.0ms
2026-02-24 21:52:17,414 [DONE] Move: c3e2 | Sims: 39680 | Time Used: 6.76s | NPS: 5870
2026-02-24 21:52:19,661 [DONE] Move: h1g1 | Sims: 40078 | Time Used: 6.40s | NPS: 6264
2026-02-24 21:52:20,893 [START] Time allocated: wtime=99954, btime=2753, winc=2000, binc=2000
2026-02-24 21:52:20,893 Panic Mode: Time low! Capping sims to 40000. alloc=6497.7ms safe=98954.0ms
2026-02-24 21:52:22,481 [START] Time allocated: wtime=98079, btime=3028, winc=2000, binc=2000
2026-02-24 21:52:22,482 Panic Mode: Time low! Capping sims to 40000. alloc=6403.9ms safe=97079.0ms
2026-02-24 21:52:27,400 [DONE] Move: c2d3 | Sims: 40191 | Time Used: 6.51s | NPS: 6176
2026-02-24 21:52:28,909 [DONE] Move: f3d2 | Sims: 39882 | Time Used: 6.43s | NPS: 6205
2026-02-24 21:52:28,989 [START] Time allocated: wtime=95407, btime=3205, winc=2000, binc=2000
2026-02-24 21:52:28,990 Panic Mode: Time low! Capping sims to 40000. alloc=6270.4ms safe=94407.0ms
2026-02-24 21:52:31,412 [START] Time allocated: wtime=93630, btime=2548, winc=2000, binc=2000
2026-02-24 21:52:31,413 Panic Mode: Time low! Capping sims to 40000. alloc=6181.5ms safe=92630.0ms
2026-02-24 21:52:35,307 [DONE] Move: a8c6 | Sims: 39424 | Time Used: 6.32s | NPS: 6240
2026-02-24 21:52:36,640 [START] Time allocated: wtime=91046, btime=3917, winc=2000, binc=2000
2026-02-24 21:52:36,641 Panic Mode: Time low! Capping sims to 39339. alloc=6052.3ms safe=90046.0ms
2026-02-24 21:52:37,628 [DONE] Move: e1e2 | Sims: 35577 | Time Used: 6.22s | NPS: 5724
2026-02-24 21:52:38,438 [START] Time allocated: wtime=89388, btime=3766, winc=2000, binc=2000
2026-02-24 21:52:38,439 Panic Mode: Time low! Capping sims to 38801. alloc=5969.4ms safe=88388.0ms
2026-02-24 21:52:42,726 [DONE] Move: h2h3 | Sims: 32766 | Time Used: 6.09s | NPS: 5384
2026-02-24 21:52:44,455 [DONE] Move: g2e4 | Sims: 36344 | Time Used: 6.02s | NPS: 6041
2026-02-24 21:52:45,458 [START] Time allocated: wtime=85335, btime=4801, winc=2000, binc=2000
2026-02-24 21:52:45,459 Panic Mode: Time low! Capping sims to 37483. alloc=5766.8ms safe=84335.0ms
2026-02-24 21:52:45,976 [START] Time allocated: wtime=86926, btime=2703, winc=2000, binc=2000
2026-02-24 21:52:45,977 Panic Mode: Time low! Capping sims to 38000. alloc=5846.3ms safe=85926.0ms
2026-02-24 21:52:51,251 [DONE] Move: c2c5 | Sims: 36316 | Time Used: 5.79s | NPS: 6269
2026-02-24 21:52:51,828 [DONE] Move: e1d2 | Sims: 35583 | Time Used: 5.85s | NPS: 6081
2026-02-24 21:52:53,675 [START] Time allocated: wtime=83050, btime=2882, winc=2000, binc=2000
2026-02-24 21:52:53,676 Panic Mode: Time low! Capping sims to 36741. alloc=5652.5ms safe=82050.0ms
2026-02-24 21:52:55,230 [START] Time allocated: wtime=81508, btime=2858, winc=2000, binc=2000
2026-02-24 21:52:55,230 Panic Mode: Time low! Capping sims to 36240. alloc=5575.4ms safe=80508.0ms
2026-02-24 21:52:59,344 [DONE] Move: a1b1 | Sims: 33792 | Time Used: 5.67s | NPS: 5961
2026-02-24 21:53:00,819 [DONE] Move: c1c5 | Sims: 33274 | Time Used: 5.59s | NPS: 5953
2026-02-24 21:53:01,171 [START] Time allocated: wtime=79342, btime=3096, winc=2000, binc=2000
2026-02-24 21:53:01,172 Panic Mode: Time low! Capping sims to 35536. alloc=5467.1ms safe=78342.0ms
2026-02-24 21:53:01,763 [START] Time allocated: wtime=77897, btime=3937, winc=2000, binc=2000
2026-02-24 21:53:01,764 Panic Mode: Time low! Capping sims to 35066. alloc=5394.9ms safe=76897.0ms
2026-02-24 21:53:06,658 [DONE] Move: h1c1 | Sims: 29439 | Time Used: 5.49s | NPS: 5366
2026-02-24 21:53:07,166 [DONE] Move: e4b1 | Sims: 31219 | Time Used: 5.40s | NPS: 5779
2026-02-24 21:53:09,241 [START] Time allocated: wtime=75810, btime=2561, winc=2000, binc=2000
2026-02-24 21:53:09,241 Panic Mode: Time low! Capping sims to 34388. alloc=5290.5ms safe=74810.0ms
2026-02-24 21:53:10,417 [START] Time allocated: wtime=74475, btime=2708, winc=2000, binc=2000
2026-02-24 21:53:10,418 Panic Mode: Time low! Capping sims to 33954. alloc=5223.8ms safe=73475.0ms
2026-02-24 21:53:14,545 [DONE] Move: d3d4 | Sims: 30962 | Time Used: 5.30s | NPS: 5837
2026-02-24 21:53:15,413 [START] Time allocated: wtime=72466, btime=3734, winc=2000, binc=2000
2026-02-24 21:53:15,414 Panic Mode: Time low! Capping sims to 33301. alloc=5123.3ms safe=71466.0ms
2026-02-24 21:53:15,659 [DONE] Move: g1g8 | Sims: 29111 | Time Used: 5.24s | NPS: 5553
2026-02-24 21:53:17,897 [START] Time allocated: wtime=71213, btime=2492, winc=2000, binc=2000
2026-02-24 21:53:17,897 Panic Mode: Time low! Capping sims to 32894. alloc=5060.6ms safe=70213.0ms
2026-02-24 21:53:20,587 [DONE] Move: d4e5 | Sims: 28143 | Time Used: 5.17s | NPS: 5439
2026-02-24 21:53:23,000 [DONE] Move: c5c7 | Sims: 28140 | Time Used: 5.10s | NPS: 5515
2026-02-24 21:53:23,674 [START] Time allocated: wtime=69270, btime=2671, winc=2000, binc=2000
2026-02-24 21:53:23,675 Panic Mode: Time low! Capping sims to 32262. alloc=4963.5ms safe=68270.0ms
2026-02-24 21:53:23,849 [START] Time allocated: wtime=68094, btime=3660, winc=2000, binc=2000
2026-02-24 21:53:23,850 Panic Mode: Time low! Capping sims to 31880. alloc=4904.7ms safe=67094.0ms
2026-02-24 21:53:28,661 [DONE] Move: g2f3 | Sims: 26861 | Time Used: 4.99s | NPS: 5386
2026-02-24 21:53:28,759 [DONE] Move: c7f7 | Sims: 27322 | Time Used: 4.91s | NPS: 5565
2026-02-24 21:53:30,422 [START] Time allocated: wtime=65168, btime=4015, winc=2000, binc=2000
2026-02-24 21:53:30,422 Panic Mode: Time low! Capping sims to 30929. alloc=4758.4ms safe=64168.0ms
2026-02-24 21:53:30,745 [START] Time allocated: wtime=66257, btime=2615, winc=2000, binc=2000
2026-02-24 21:53:30,745 Panic Mode: Time low! Capping sims to 31283. alloc=4812.9ms safe=65257.0ms
2026-02-24 21:53:35,214 [DONE] Move: e2f3 | Sims: 27297 | Time Used: 4.79s | NPS: 5696
2026-02-24 21:53:35,582 [DONE] Move: d2c2 | Sims: 29663 | Time Used: 4.84s | NPS: 6133
2026-02-24 21:53:36,276 [START] Time allocated: wtime=63384, btime=3959, winc=2000, binc=2000
2026-02-24 21:53:36,276 Panic Mode: Time low! Capping sims to 30349. alloc=4669.2ms safe=62384.0ms
2026-02-24 21:53:38,529 [START] Time allocated: wtime=62357, btime=2721, winc=2000, binc=2000
2026-02-24 21:53:38,530 Panic Mode: Time low! Capping sims to 30016. alloc=4617.9ms safe=61357.0ms
2026-02-24 21:53:40,986 [DONE] Move: e2d4 | Sims: 26869 | Time Used: 4.71s | NPS: 5705
2026-02-24 21:53:43,156 [DONE] Move: f7f5 | Sims: 23958 | Time Used: 4.63s | NPS: 5178
2026-02-24 21:53:44,261 [START] Time allocated: wtime=60649, btime=2711, winc=2000, binc=2000
2026-02-24 21:53:44,261 Panic Mode: Time low! Capping sims to 29460. alloc=4532.4ms safe=59649.0ms
2026-02-24 21:53:44,602 [START] Time allocated: wtime=59715, btime=3292, winc=2000, binc=2000
2026-02-24 21:53:44,603 Panic Mode: Time low! Capping sims to 29157. alloc=4485.8ms safe=58715.0ms
2026-02-24 21:53:48,830 [DONE] Move: c1d1 | Sims: 26849 | Time Used: 4.57s | NPS: 5875
2026-02-24 21:53:49,107 [DONE] Move: b1f5 | Sims: 23425 | Time Used: 4.50s | NPS: 5200
2026-02-24 21:53:50,577 [START] Time allocated: wtime=57197, btime=3838, winc=2000, binc=2000
2026-02-24 21:53:50,577 Panic Mode: Time low! Capping sims to 28339. alloc=4359.9ms safe=56197.0ms
2026-02-24 21:53:51,068 [START] Time allocated: wtime=58061, btime=2493, winc=2000, binc=2000
2026-02-24 21:53:51,069 Panic Mode: Time low! Capping sims to 28619. alloc=4403.1ms safe=57061.0ms
2026-02-24 21:53:54,965 [DONE] Move: f3e4 | Sims: 19610 | Time Used: 4.39s | NPS: 4469
2026-02-24 21:53:55,486 [DONE] Move: b2b4 | Sims: 25325 | Time Used: 4.42s | NPS: 5732
2026-02-24 21:53:56,963 [START] Time allocated: wtime=54793, btime=3859, winc=2000, binc=2000
2026-02-24 21:53:57,558 [START] Time allocated: wtime=55612, btime=2455, winc=2000, binc=2000
2026-02-24 21:53:57,558 Panic Mode: Time low! Capping sims to 27823. alloc=4280.6ms safe=54612.0ms
2026-02-24 21:53:59,091 [START] Time allocated: wtime=56793, btime=3732, winc=2000, binc=2000
2026-02-24 21:54:00,313 [START] Time allocated: wtime=58793, btime=4512, winc=2000, binc=2000
2026-02-24 21:54:00,314 Panic Mode: Time low! Capping sims to 28857. alloc=4439.6ms safe=57793.0ms
2026-02-24 21:54:01,772 [DONE] Move: a2a4 | Sims: 27899 | Time Used: 4.21s | NPS: 6620
2026-02-24 21:54:02,728 [START] Time allocated: wtime=53370, btime=3530, winc=2000, binc=2000
2026-02-24 21:54:02,728 Panic Mode: Time low! Capping sims to 27095. alloc=4168.5ms safe=52370.0ms
2026-02-24 21:54:04,775 [DONE] Move: d2f3 | Sims: 27477 | Time Used: 4.46s | NPS: 6159
2026-02-24 21:54:06,931 [DONE] Move: b4b5 | Sims: 23798 | Time Used: 4.20s | NPS: 5661
2026-02-24 21:54:08,517 [START] Time allocated: wtime=56296, btime=2808, winc=2000, binc=2000
2026-02-24 21:54:08,517 Panic Mode: Time low! Capping sims to 28046. alloc=4314.8ms safe=55296.0ms
2026-02-24 21:54:09,855 [START] Time allocated: wtime=51138, btime=2636, winc=2000, binc=2000
2026-02-24 21:54:09,855 Panic Mode: Time low! Capping sims to 26369. alloc=4056.9ms safe=50138.0ms
2026-02-24 21:54:12,853 [DONE] Move: f3e5 | Sims: 26400 | Time Used: 4.34s | NPS: 6088
2026-02-24 21:54:13,952 [DONE] Move: a4b5 | Sims: 23992 | Time Used: 4.10s | NPS: 5856
2026-02-24 21:54:15,186 [START] Time allocated: wtime=53927, btime=2510, winc=2000, binc=2000
2026-02-24 21:54:15,186 Panic Mode: Time low! Capping sims to 27276. alloc=4196.4ms safe=52927.0ms
2026-02-24 21:54:16,136 [START] Time allocated: wtime=49015, btime=2480, winc=2000, binc=2000
2026-02-24 21:54:16,136 Panic Mode: Time low! Capping sims to 25679. alloc=3950.8ms safe=48015.0ms
2026-02-24 21:54:19,393 [DONE] Move: h4h5 | Sims: 27493 | Time Used: 4.21s | NPS: 6535
2026-02-24 21:54:20,125 [DONE] Move: b5b6 | Sims: 25854 | Time Used: 3.99s | NPS: 6482
2026-02-24 21:54:21,217 [START] Time allocated: wtime=51697, btime=2711, winc=2000, binc=2000
2026-02-24 21:54:21,218 Panic Mode: Time low! Capping sims to 26551. alloc=4084.8ms safe=50697.0ms
2026-02-24 21:54:22,186 [START] Time allocated: wtime=46994, btime=2453, winc=2000, binc=2000
2026-02-24 21:54:22,186 Panic Mode: Time low! Capping sims to 25023. alloc=3849.7ms safe=45994.0ms
2026-02-24 21:54:25,329 [DONE] Move: f5f6 | Sims: 19161 | Time Used: 4.11s | NPS: 4660
2026-02-24 21:54:26,038 [DONE] Move: c2d2 | Sims: 20726 | Time Used: 3.85s | NPS: 5381
2026-02-24 21:54:26,779 [START] Time allocated: wtime=49570, btime=3279, winc=2000, binc=2000
2026-02-24 21:54:28,070 [START] Time allocated: wtime=45117, btime=2448, winc=2000, binc=2000
2026-02-24 21:54:28,070 Panic Mode: Time low! Capping sims to 24413. alloc=3755.8ms safe=44117.0ms
2026-02-24 21:54:28,576 [START] Time allocated: wtime=51570, btime=3484, winc=2000, binc=2000
2026-02-24 21:54:31,847 [DONE] Move: b6b7 | Sims: 20695 | Time Used: 3.78s | NPS: 5479
2026-02-24 21:54:33,871 [START] Time allocated: wtime=43320, btime=2447, winc=2000, binc=2000
2026-02-24 21:54:33,871 Panic Mode: Time low! Capping sims to 23829. alloc=3666.0ms safe=42320.0ms
2026-02-24 21:54:37,552 [DONE] Move: b7b8b | Sims: 23476 | Time Used: 3.68s | NPS: 6377
2026-02-24 21:54:38,352 [START] Time allocated: wtime=41618, btime=3670, winc=2000, binc=2000
2026-02-24 21:54:38,353 Panic Mode: Time low! Capping sims to 23275. alloc=3580.9ms safe=40618.0ms
2026-02-24 21:54:41,949 [DONE] Move: b8e5 | Sims: 23506 | Time Used: 3.60s | NPS: 6535
2026-02-24 21:54:44,990 [START] Time allocated: wtime=39992, btime=2661, winc=2000, binc=2000
2026-02-24 21:54:44,990 Panic Mode: Time low! Capping sims to 22747. alloc=3499.6ms safe=38992.0ms
2026-02-24 21:54:48,509 [DONE] Move: b1b7 | Sims: 19970 | Time Used: 3.52s | NPS: 5675
2026-02-24 21:54:50,520 [START] Time allocated: wtime=38447, btime=2678, winc=2000, binc=2000
2026-02-24 21:54:50,520 Panic Mode: Time low! Capping sims to 22245. alloc=3422.3ms safe=37447.0ms
2026-02-24 21:54:53,950 [DONE] Move: d1g1 | Sims: 18390 | Time Used: 3.43s | NPS: 5361
2026-02-24 21:54:55,060 [START] Time allocated: wtime=36997, btime=3591, winc=2000, binc=2000
2026-02-24 21:54:55,060 Panic Mode: Time low! Capping sims to 21774. alloc=3349.8ms safe=35997.0ms
2026-02-24 21:54:58,442 [DONE] Move: e5d6 | Sims: 21497 | Time Used: 3.38s | NPS: 6357
2026-02-24 21:54:59,733 [START] Time allocated: wtime=35585, btime=4332, winc=2000, binc=2000
2026-02-24 21:54:59,733 Panic Mode: Time low! Capping sims to 21315. alloc=3279.2ms safe=34585.0ms
2026-02-24 21:55:03,042 [DONE] Move: d2d3 | Sims: 17972 | Time Used: 3.31s | NPS: 5431
2026-02-24 21:55:03,960 [START] Time allocated: wtime=34250, btime=5443, winc=2000, binc=2000
2026-02-24 21:55:03,960 Panic Mode: Time low! Capping sims to 20881. alloc=3212.5ms safe=33250.0ms
2026-02-24 21:55:07,186 [DONE] Move: b7e7 | Sims: 20245 | Time Used: 3.23s | NPS: 6276
2026-02-24 21:55:07,812 [START] Time allocated: wtime=33006, btime=6838, winc=2000, binc=2000
2026-02-24 21:55:07,812 Panic Mode: Time low! Capping sims to 20476. alloc=3150.3ms safe=32006.0ms
2026-02-24 21:55:10,832 [DONE] Move: e7e6 | Sims: 20620 | Time Used: 3.02s | NPS: 6827
2026-02-24 21:55:11,782 [START] Time allocated: wtime=31965, btime=7910, winc=2000, binc=2000
2026-02-24 21:55:11,782 Panic Mode: Time low! Capping sims to 20138. alloc=3098.2ms safe=30965.0ms
2026-02-24 21:55:14,765 [DONE] Move: g1g5 | Sims: 20185 | Time Used: 2.98s | NPS: 6768
2026-02-24 21:55:15,389 [START] Time allocated: wtime=30966, btime=9304, winc=2000, binc=2000
2026-02-24 21:55:15,390 Panic Mode: Time low! Capping sims to 19813. alloc=3048.3ms safe=29966.0ms
2026-02-24 21:55:18,369 [DONE] Move: d6e5 | Sims: 19909 | Time Used: 2.98s | NPS: 6681
2026-02-24 21:55:19,636 [START] Time allocated: wtime=29967, btime=10057, winc=2000, binc=2000
2026-02-24 21:55:19,637 Panic Mode: Time low! Capping sims to 19489. alloc=2998.3ms safe=28967.0ms
2026-02-24 21:55:22,652 [DONE] Move: d3e4 | Sims: 13787 | Time Used: 3.02s | NPS: 4572
2026-02-24 21:55:23,236 [START] Time allocated: wtime=28943, btime=11483, winc=2000, binc=2000
2026-02-24 21:55:23,237 Panic Mode: Time low! Capping sims to 19156. alloc=2947.2ms safe=27943.0ms
2026-02-24 21:55:26,188 [DONE] Move: g5g4 | Sims: 19310 | Time Used: 2.95s | NPS: 6543
2026-02-24 21:55:27,413 [START] Time allocated: wtime=27976, btime=12276, winc=2000, binc=2000
2026-02-24 21:55:27,414 Panic Mode: Time low! Capping sims to 18842. alloc=2898.8ms safe=26976.0ms
2026-02-24 21:55:30,324 [DONE] Move: g4h4 | Sims: 16256 | Time Used: 2.91s | NPS: 5585
2026-02-24 21:55:30,408 [START] Time allocated: wtime=27048, btime=14211, winc=2000, binc=2000
2026-02-24 21:55:30,409 Panic Mode: Time low! Capping sims to 18540. alloc=2852.4ms safe=26048.0ms
2026-02-24 21:55:33,269 [DONE] Move: e6g6 | Sims: 13238 | Time Used: 2.86s | NPS: 4627
2026-02-24 21:55:33,310 [START] Time allocated: wtime=26177, btime=16183, winc=2000, binc=2000
2026-02-24 21:55:33,311 Panic Mode: Time low! Capping sims to 18257. alloc=2808.8ms safe=25177.0ms
2026-02-24 21:55:34,803 [DONE] Move: h4h8 | Sims: 3064 | Time Used: 1.49s | NPS: 2053
2026-02-24 21:55:34,822 [START] Time allocated: wtime=26682, btime=18169, winc=2000, binc=2000
2026-02-24 21:55:36,795 [START] Time allocated: wtime=182000, btime=182000, winc=2000, binc=2000
2026-02-24 21:55:36,795 Panic Mode: Time low! Capping sims to 40000. alloc=10600.0ms safe=181000.0ms
2026-02-24 21:55:43,867 [DONE] Move: d2d4 | Sims: 40192 | Time Used: 7.07s | NPS: 5683
2026-02-24 21:56:07,774 [START] Time allocated: wtime=176876, btime=160146, winc=2000, binc=2000
2026-02-24 21:56:07,774 Panic Mode: Time low! Capping sims to 40000. alloc=10343.8ms safe=175876.0ms
2026-02-24 21:56:13,682 [DONE] Move: g1f3 | Sims: 40191 | Time Used: 5.91s | NPS: 6803
2026-02-24 21:57:55,127 [START] Time allocated: wtime=157564, btime=182000, winc=2000, binc=2000
2026-02-24 21:57:55,127 Panic Mode: Time low! Capping sims to 40000. alloc=10600.0ms safe=181000.0ms
2026-02-24 21:58:01,849 [DONE] Move: e7e5 | Sims: 40189 | Time Used: 6.72s | NPS: 5979
2026-02-24 21:58:04,703 [START] Time allocated: wtime=156759, btime=177230, winc=2000, binc=2000
2026-02-24 21:58:04,703 Panic Mode: Time low! Capping sims to 40000. alloc=10361.5ms safe=176230.0ms
2026-02-24 21:58:11,293 [DONE] Move: d7d5 | Sims: 40186 | Time Used: 6.59s | NPS: 6098
2026-02-24 21:58:40,657 [START] Time allocated: wtime=129434, btime=172602, winc=2000, binc=2000
2026-02-24 21:58:40,657 Panic Mode: Time low! Capping sims to 40000. alloc=10130.1ms safe=171602.0ms
2026-02-24 21:58:47,417 [DONE] Move: b8c6 | Sims: 40192 | Time Used: 6.76s | NPS: 5945
2026-02-24 21:58:51,526 [START] Time allocated: wtime=127372, btime=167796, winc=2000, binc=2000
2026-02-24 21:58:51,526 Panic Mode: Time low! Capping sims to 40000. alloc=9889.8ms safe=166796.0ms
2026-02-24 21:58:58,221 [DONE] Move: g7g5 | Sims: 40192 | Time Used: 6.69s | NPS: 6003
2026-02-24 21:59:07,711 [START] Time allocated: wtime=119949, btime=163035, winc=2000, binc=2000
2026-02-24 21:59:07,711 Panic Mode: Time low! Capping sims to 40000. alloc=9651.8ms safe=162035.0ms
2026-02-24 21:59:13,962 [DONE] Move: g5g4 | Sims: 40188 | Time Used: 6.25s | NPS: 6429
2026-02-24 21:59:26,057 [START] Time allocated: wtime=109893, btime=158746, winc=2000, binc=2000
2026-02-24 21:59:26,057 Panic Mode: Time low! Capping sims to 40000. alloc=9437.3ms safe=157746.0ms
2026-02-24 21:59:33,012 [DONE] Move: h7h5 | Sims: 40190 | Time Used: 6.95s | NPS: 5779
2026-02-24 21:59:45,244 [START] Time allocated: wtime=99698, btime=153755, winc=2000, binc=2000
2026-02-24 21:59:45,245 Panic Mode: Time low! Capping sims to 40000. alloc=9187.8ms safe=152755.0ms
2026-02-24 21:59:51,871 [DONE] Move: d8f6 | Sims: 40182 | Time Used: 6.63s | NPS: 6064
2026-02-24 22:00:32,300 [START] Time allocated: wtime=61306, btime=149092, winc=2000, binc=2000
2026-02-24 22:00:32,300 Panic Mode: Time low! Capping sims to 40000. alloc=8954.6ms safe=148092.0ms
2026-02-24 22:00:38,288 [DONE] Move: h5h4 | Sims: 40146 | Time Used: 5.99s | NPS: 6704
2026-02-24 22:00:40,840 [START] Time allocated: wtime=60781, btime=145079, winc=2000, binc=2000
2026-02-24 22:00:40,840 Panic Mode: Time low! Capping sims to 40000. alloc=8754.0ms safe=144079.0ms
2026-02-24 22:00:47,123 [DONE] Move: f8c5 | Sims: 40188 | Time Used: 6.28s | NPS: 6396
2026-02-24 22:00:55,493 [START] Time allocated: wtime=54437, btime=140771, winc=2000, binc=2000
2026-02-24 22:00:55,494 Panic Mode: Time low! Capping sims to 40000. alloc=8538.5ms safe=139771.0ms
2026-02-24 22:01:01,568 [DONE] Move: c5e3 | Sims: 40187 | Time Used: 6.07s | NPS: 6616
2026-02-24 22:01:10,692 [START] Time allocated: wtime=47339, btime=136672, winc=2000, binc=2000
2026-02-24 22:01:10,692 Panic Mode: Time low! Capping sims to 40000. alloc=8333.6ms safe=135672.0ms
2026-02-24 22:01:16,335 [DONE] Move: f6h6 | Sims: 40167 | Time Used: 5.64s | NPS: 7118
2026-02-24 22:01:39,129 [START] Time allocated: wtime=26577, btime=132998, winc=2000, binc=2000
2026-02-24 22:01:39,130 Panic Mode: Time low! Capping sims to 40000. alloc=8149.9ms safe=131998.0ms
2026-02-24 22:01:46,099 [DONE] Move: e3c1 | Sims: 40180 | Time Used: 6.97s | NPS: 5765
2026-02-24 22:01:52,821 [START] Time allocated: wtime=21892, btime=127993, winc=2000, binc=2000
2026-02-24 22:01:52,822 Panic Mode: Time low! Capping sims to 40000. alloc=7899.6ms safe=126993.0ms
2026-02-24 22:01:58,960 [DONE] Move: g8e7 | Sims: 40192 | Time Used: 6.14s | NPS: 6547
2026-02-24 22:02:17,027 [START] Time allocated: wtime=5847, btime=123833, winc=2000, binc=2000
2026-02-24 22:02:17,027 Panic Mode: Time low! Capping sims to 40000. alloc=7691.6ms safe=122833.0ms
2026-02-24 22:02:23,594 [DONE] Move: e7f5 | Sims: 40178 | Time Used: 6.57s | NPS: 6118
2026-02-24 22:02:25,329 [START] Time allocated: wtime=6133, btime=119247, winc=2000, binc=2000
2026-02-24 22:02:25,330 Panic Mode: Time low! Capping sims to 40000. alloc=7462.4ms safe=118247.0ms
2026-02-24 22:02:30,524 [DONE] Move: f5e3 | Sims: 40163 | Time Used: 5.19s | NPS: 7732
2026-02-24 22:02:33,553 [START] Time allocated: wtime=5122, btime=116036, winc=2000, binc=2000
2026-02-24 22:02:33,554 Panic Mode: Time low! Capping sims to 40000. alloc=7301.8ms safe=115036.0ms
2026-02-24 22:02:38,927 [DONE] Move: c8g4 | Sims: 40208 | Time Used: 5.37s | NPS: 7482
2026-02-24 22:02:41,547 [START] Time allocated: wtime=4526, btime=112639, winc=2000, binc=2000
2026-02-24 22:02:41,548 Panic Mode: Time low! Capping sims to 40000. alloc=7131.9ms safe=111639.0ms
2026-02-24 22:02:48,172 [DONE] Move: h4h3 | Sims: 40021 | Time Used: 6.62s | NPS: 6042
2026-02-24 22:02:51,288 [START] Time allocated: wtime=3444, btime=107982, winc=2000, binc=2000
2026-02-24 22:02:51,289 Panic Mode: Time low! Capping sims to 40000. alloc=6899.1ms safe=106982.0ms
2026-02-24 22:02:58,218 [DONE] Move: g4f3 | Sims: 37053 | Time Used: 6.93s | NPS: 5347
2026-02-24 22:03:00,124 [START] Time allocated: wtime=3559, btime=103032, winc=2000, binc=2000
2026-02-24 22:03:00,125 Panic Mode: Time low! Capping sims to 40000. alloc=6651.6ms safe=102032.0ms
2026-02-24 22:03:06,798 [DONE] Move: e3g2 | Sims: 39591 | Time Used: 6.67s | NPS: 5932
2026-02-24 22:03:09,746 [START] Time allocated: wtime=2641, btime=98330, winc=2000, binc=2000
2026-02-24 22:03:09,746 Panic Mode: Time low! Capping sims to 40000. alloc=6416.5ms safe=97330.0ms
2026-02-24 22:03:43,845 [START] Time allocated: wtime=154427, btime=182000, winc=2000, binc=2000
2026-02-24 22:03:43,845 Panic Mode: Time low! Capping sims to 40000. alloc=10600.0ms safe=181000.0ms
2026-02-24 22:03:51,277 [DONE] Move: e7e5 | Sims: 40192 | Time Used: 7.43s | NPS: 5408
2026-02-24 22:03:59,074 [START] Time allocated: wtime=148676, btime=176523, winc=2000, binc=2000
2026-02-24 22:03:59,075 Panic Mode: Time low! Capping sims to 40000. alloc=10326.1ms safe=175523.0ms
2026-02-24 22:04:06,020 [DONE] Move: b8c6 | Sims: 40190 | Time Used: 6.95s | NPS: 5786
2026-02-24 22:04:12,932 [START] Time allocated: wtime=143823, btime=171520, winc=2000, binc=2000
2026-02-24 22:04:12,932 Panic Mode: Time low! Capping sims to 40000. alloc=10076.0ms safe=170520.0ms
2026-02-24 22:04:19,710 [DONE] Move: e5e4 | Sims: 40183 | Time Used: 6.78s | NPS: 5929
2026-02-24 22:04:30,674 [START] Time allocated: wtime=134911, btime=166692, winc=2000, binc=2000
2026-02-24 22:04:30,675 Panic Mode: Time low! Capping sims to 40000. alloc=9834.6ms safe=165692.0ms
2026-02-24 22:04:37,137 [DONE] Move: f7f5 | Sims: 40187 | Time Used: 6.46s | NPS: 6218
2026-02-24 22:05:07,827 [START] Time allocated: wtime=106255, btime=162197, winc=2000, binc=2000
2026-02-24 22:05:07,828 Panic Mode: Time low! Capping sims to 40000. alloc=9609.9ms safe=161197.0ms
2026-02-24 22:05:13,573 [DONE] Move: g8f6 | Sims: 40192 | Time Used: 5.75s | NPS: 6995
2026-02-24 22:05:20,733 [START] Time allocated: wtime=101125, btime=158422, winc=2000, binc=2000
2026-02-24 22:05:20,733 Panic Mode: Time low! Capping sims to 40000. alloc=9421.1ms safe=157422.0ms
2026-02-24 22:05:27,712 [DONE] Move: g7g6 | Sims: 40192 | Time Used: 6.98s | NPS: 5759
2026-02-24 22:05:42,473 [START] Time allocated: wtime=88413, btime=153396, winc=2000, binc=2000
2026-02-24 22:05:42,474 Panic Mode: Time low! Capping sims to 40000. alloc=9169.8ms safe=152396.0ms
2026-02-24 22:05:49,586 [DONE] Move: f8g7 | Sims: 40188 | Time Used: 7.11s | NPS: 5650
2026-02-24 22:06:16,898 [START] Time allocated: wtime=63154, btime=148231, winc=2000, binc=2000
2026-02-24 22:06:16,899 Panic Mode: Time low! Capping sims to 40000. alloc=8911.5ms safe=147231.0ms
2026-02-24 22:06:24,215 [DONE] Move: h7h5 | Sims: 40192 | Time Used: 7.32s | NPS: 5493
2026-02-24 22:06:31,801 [START] Time allocated: wtime=57624, btime=142860, winc=2000, binc=2000
2026-02-24 22:06:31,802 Panic Mode: Time low! Capping sims to 40000. alloc=8643.0ms safe=141860.0ms
2026-02-24 22:06:38,898 [DONE] Move: f6g4 | Sims: 40191 | Time Used: 7.10s | NPS: 5663
2026-02-24 22:06:43,862 [START] Time allocated: wtime=54703, btime=137722, winc=2000, binc=2000
2026-02-24 22:06:43,862 Panic Mode: Time low! Capping sims to 40000. alloc=8386.1ms safe=136722.0ms
2026-02-24 22:06:50,985 [DONE] Move: c6e7 | Sims: 40189 | Time Used: 7.12s | NPS: 5642
2026-02-24 22:06:53,512 [START] Time allocated: wtime=54210, btime=132566, winc=2000, binc=2000
2026-02-24 22:06:53,512 Panic Mode: Time low! Capping sims to 40000. alloc=8128.3ms safe=131566.0ms
2026-02-24 22:07:00,517 [DONE] Move: d7d6 | Sims: 40192 | Time Used: 7.00s | NPS: 5737
2026-02-24 22:07:08,832 [START] Time allocated: wtime=47922, btime=127536, winc=2000, binc=2000
2026-02-24 22:07:08,832 Panic Mode: Time low! Capping sims to 40000. alloc=7876.8ms safe=126536.0ms
2026-02-24 22:07:16,071 [DONE] Move: c7c5 | Sims: 40192 | Time Used: 7.24s | NPS: 5552
2026-02-24 22:07:31,231 [START] Time allocated: wtime=34799, btime=122262, winc=2000, binc=2000
2026-02-24 22:07:31,231 Panic Mode: Time low! Capping sims to 40000. alloc=7613.1ms safe=121262.0ms
2026-02-24 22:07:38,125 [DONE] Move: e7c6 | Sims: 40184 | Time Used: 6.89s | NPS: 5828
2026-02-24 22:07:44,474 [START] Time allocated: wtime=30496, btime=117322, winc=2000, binc=2000
2026-02-24 22:07:44,475 Panic Mode: Time low! Capping sims to 40000. alloc=7366.1ms safe=116322.0ms
2026-02-24 22:07:51,121 [DONE] Move: c5d4 | Sims: 40191 | Time Used: 6.65s | NPS: 6047
2026-02-24 22:08:00,032 [START] Time allocated: wtime=23629, btime=112633, winc=2000, binc=2000
2026-02-24 22:08:00,033 Panic Mode: Time low! Capping sims to 40000. alloc=7131.6ms safe=111633.0ms
2026-02-24 22:08:07,171 [DONE] Move: c6d4 | Sims: 40177 | Time Used: 7.14s | NPS: 5628
2026-02-24 22:08:26,674 [START] Time allocated: wtime=6149, btime=107473, winc=2000, binc=2000
2026-02-24 22:08:26,675 Panic Mode: Time low! Capping sims to 40000. alloc=6873.6ms safe=106473.0ms
2026-02-24 22:08:33,572 [DONE] Move: e4e3 | Sims: 40188 | Time Used: 6.90s | NPS: 5826
2026-02-24 22:08:35,901 [START] Time allocated: wtime=5846, btime=102552, winc=2000, binc=2000
2026-02-24 22:08:35,901 Panic Mode: Time low! Capping sims to 40000. alloc=6627.6ms safe=101552.0ms
2026-02-24 22:08:42,573 [DONE] Move: h5g4 | Sims: 38090 | Time Used: 6.67s | NPS: 5709
2026-02-24 22:08:45,247 [START] Time allocated: wtime=5200, btime=97854, winc=2000, binc=2000
2026-02-24 22:08:45,248 Panic Mode: Time low! Capping sims to 40000. alloc=6392.7ms safe=96854.0ms
2026-02-24 22:08:51,643 [DONE] Move: g4h3 | Sims: 38334 | Time Used: 6.40s | NPS: 5994
2026-02-24 22:08:54,069 [START] Time allocated: wtime=4799, btime=93435, winc=2000, binc=2000
2026-02-24 22:08:54,069 Panic Mode: Time low! Capping sims to 40000. alloc=6171.8ms safe=92435.0ms
2026-02-24 22:09:00,273 [DONE] Move: e8f7 | Sims: 37843 | Time Used: 6.20s | NPS: 6100
2026-02-24 22:09:02,384 [START] Time allocated: wtime=4710, btime=89210, winc=2000, binc=2000
2026-02-24 22:09:02,385 Panic Mode: Time low! Capping sims to 38743. alloc=5960.5ms safe=88210.0ms
2026-02-24 22:09:08,359 [DONE] Move: d8h4 | Sims: 32686 | Time Used: 5.97s | NPS: 5471
2026-02-24 22:09:12,244 [START] Time allocated: wtime=2841, btime=85220, winc=2000, binc=2000
2026-02-24 22:09:12,245 Panic Mode: Time low! Capping sims to 37446. alloc=5761.0ms safe=84220.0ms
2026-02-24 22:09:18,030 [DONE] Move: f5f4 | Sims: 32657 | Time Used: 5.79s | NPS: 5644
2026-02-24 22:09:19,565 [START] Time allocated: wtime=3334, btime=81409, winc=2000, binc=2000
2026-02-24 22:09:19,565 Panic Mode: Time low! Capping sims to 36207. alloc=5570.4ms safe=80409.0ms
2026-02-24 22:09:25,137 [DONE] Move: g7e5 | Sims: 32656 | Time Used: 5.57s | NPS: 5861
2026-02-24 22:09:26,482 [START] Time allocated: wtime=4015, btime=77812, winc=2000, binc=2000
2026-02-24 22:09:26,483 Panic Mode: Time low! Capping sims to 35038. alloc=5390.6ms safe=76812.0ms
2026-02-24 22:09:31,886 [DONE] Move: h4f2 | Sims: 32317 | Time Used: 5.40s | NPS: 5980
2026-02-24 22:09:35,128 [START] Time allocated: wtime=2799, btime=74384, winc=2000, binc=2000
2026-02-24 22:09:35,129 Panic Mode: Time low! Capping sims to 33924. alloc=5219.2ms safe=73384.0ms
2026-02-24 22:09:40,356 [DONE] Move: f2d2 | Sims: 29632 | Time Used: 5.23s | NPS: 5669
2026-02-24 22:09:42,677 [START] Time allocated: wtime=2509, btime=71128, winc=2000, binc=2000
2026-02-24 22:09:42,677 Panic Mode: Time low! Capping sims to 32866. alloc=5056.4ms safe=70128.0ms
2026-02-24 22:09:47,769 [DONE] Move: d6e5 | Sims: 28507 | Time Used: 5.09s | NPS: 5599
2026-02-24 22:09:49,850 [START] Time allocated: wtime=2458, btime=68007, winc=2000, binc=2000
2026-02-24 22:09:49,851 Panic Mode: Time low! Capping sims to 31852. alloc=4900.4ms safe=67007.0ms
2026-02-24 22:09:54,752 [DONE] Move: d4f3 | Sims: 27850 | Time Used: 4.90s | NPS: 5682
2026-02-24 22:09:56,798 [START] Time allocated: wtime=2449, btime=65070, winc=2000, binc=2000
2026-02-24 22:09:56,799 Panic Mode: Time low! Capping sims to 30897. alloc=4753.5ms safe=64070.0ms
2026-02-24 22:10:01,582 [DONE] Move: d2e2 | Sims: 22512 | Time Used: 4.78s | NPS: 4705
2026-02-24 22:10:02,301 [START] Time allocated: wtime=3755, btime=62264, winc=2000, binc=2000
2026-02-24 22:10:02,301 Panic Mode: Time low! Capping sims to 29985. alloc=4613.2ms safe=61264.0ms
2026-02-24 22:10:06,946 [DONE] Move: c8e6 | Sims: 21336 | Time Used: 4.65s | NPS: 4593
2026-02-24 22:10:08,121 [START] Time allocated: wtime=4607, btime=59593, winc=2000, binc=2000
2026-02-24 22:10:08,121 Panic Mode: Time low! Capping sims to 29117. alloc=4479.6ms safe=58593.0ms
2026-02-24 22:10:11,512 [DONE] Move: f7f6 | Sims: 10207 | Time Used: 3.39s | NPS: 3010
2026-02-24 22:10:12,005 [START] Time allocated: wtime=6124, btime=58195, winc=2000, binc=2000
2026-02-24 22:10:12,005 Panic Mode: Time low! Capping sims to 28663. alloc=4409.8ms safe=57195.0ms
2026-02-24 22:10:16,440 [DONE] Move: e2e5 | Sims: 24260 | Time Used: 4.43s | NPS: 5470
2026-02-24 22:10:19,751 [START] Time allocated: wtime=4839, btime=55736, winc=2000, binc=2000
2026-02-24 22:10:19,752 Panic Mode: Time low! Capping sims to 27864. alloc=4286.8ms safe=54736.0ms
2026-02-24 22:10:24,063 [DONE] Move: a8d8 | Sims: 22855 | Time Used: 4.31s | NPS: 5300
2026-02-24 22:10:25,270 [START] Time allocated: wtime=5658, btime=53400, winc=2000, binc=2000
2026-02-24 22:10:25,271 Panic Mode: Time low! Capping sims to 27105. alloc=4170.0ms safe=52400.0ms
2026-02-24 22:10:29,479 [DONE] Move: e6g4 | Sims: 21562 | Time Used: 4.21s | NPS: 5123
2026-02-24 22:10:30,613 [START] Time allocated: wtime=6562, btime=51155, winc=2000, binc=2000
2026-02-24 22:10:30,614 Panic Mode: Time low! Capping sims to 26375. alloc=4057.8ms safe=50155.0ms
2026-02-24 22:10:34,682 [DONE] Move: g4e6 | Sims: 21586 | Time Used: 4.07s | NPS: 5306
2026-02-24 22:10:35,415 [START] Time allocated: wtime=7866, btime=49052, winc=2000, binc=2000
2026-02-24 22:10:35,416 Panic Mode: Time low! Capping sims to 25691. alloc=3952.6ms safe=48052.0ms
2026-02-24 22:10:39,385 [DONE] Move: d8d2 | Sims: 20747 | Time Used: 3.97s | NPS: 5227
2026-02-24 22:10:40,481 [START] Time allocated: wtime=8799, btime=47055, winc=2000, binc=2000
2026-02-24 22:10:40,482 Panic Mode: Time low! Capping sims to 25042. alloc=3852.8ms safe=46055.0ms
2026-02-24 22:10:44,349 [DONE] Move: g6g5 | Sims: 23220 | Time Used: 3.87s | NPS: 6005
2026-02-24 22:10:45,575 [START] Time allocated: wtime=9611, btime=45151, winc=2000, binc=2000
2026-02-24 22:10:45,576 Panic Mode: Time low! Capping sims to 24424. alloc=3757.6ms safe=44151.0ms
2026-02-24 22:10:49,347 [DONE] Move: e6c4 | Sims: 18979 | Time Used: 3.77s | NPS: 5032
2026-02-24 22:10:50,693 [START] Time allocated: wtime=10297, btime=43349, winc=2000, binc=2000
2026-02-24 22:10:50,694 Panic Mode: Time low! Capping sims to 23838. alloc=3667.4ms safe=42349.0ms
2026-02-24 22:10:54,375 [DONE] Move: c4d5 | Sims: 16205 | Time Used: 3.68s | NPS: 4402
2026-02-24 22:10:55,141 [START] Time allocated: wtime=11554, btime=41647, winc=2000, binc=2000
2026-02-24 22:10:55,142 Panic Mode: Time low! Capping sims to 23285. alloc=3582.3ms safe=40647.0ms
2026-02-24 22:10:55,955 [DONE] Move: d5f3 | Sims: 2002 | Time Used: 0.81s | NPS: 2461
2026-02-24 22:10:55,979 [START] Time allocated: wtime=13533, btime=42832, winc=2000, binc=2000
2026-02-24 22:10:55,979 Panic Mode: Time low! Capping sims to 23670. alloc=3641.6ms safe=41832.0ms
2026-02-24 22:10:56,425 [DONE] Move: e5d4 | Sims: 1226 | Time Used: 0.45s | NPS: 2753
2026-02-24 22:10:56,448 [START] Time allocated: wtime=15513, btime=44385, winc=2000, binc=2000
2026-02-24 22:11:27,046 [START] Time allocated: wtime=155628, btime=182000, winc=2000, binc=2000
2026-02-24 22:11:27,047 Panic Mode: Time low! Capping sims to 40000. alloc=10600.0ms safe=181000.0ms
2026-02-24 22:11:34,693 [DONE] Move: d7d5 | Sims: 40191 | Time Used: 7.65s | NPS: 5256
2026-02-24 22:11:49,980 [START] Time allocated: wtime=142396, btime=176300, winc=2000, binc=2000
2026-02-24 22:11:49,981 Panic Mode: Time low! Capping sims to 40000. alloc=10315.0ms safe=175300.0ms
2026-02-24 22:11:56,709 [DONE] Move: e7e5 | Sims: 40192 | Time Used: 6.73s | NPS: 5973
2026-02-24 22:12:04,147 [START] Time allocated: wtime=137006, btime=171525, winc=2000, binc=2000
2026-02-24 22:12:04,147 Panic Mode: Time low! Capping sims to 40000. alloc=10076.2ms safe=170525.0ms
2026-02-24 22:12:11,886 [DONE] Move: d5d4 | Sims: 40189 | Time Used: 7.74s | NPS: 5193
2026-02-24 22:12:57,511 [START] Time allocated: wtime=93437, btime=165732, winc=2000, binc=2000
2026-02-24 22:12:57,511 Panic Mode: Time low! Capping sims to 40000. alloc=9786.6ms safe=164732.0ms
2026-02-24 22:13:05,152 [DONE] Move: b8c6 | Sims: 40183 | Time Used: 7.64s | NPS: 5258
2026-02-24 22:13:12,067 [START] Time allocated: wtime=88591, btime=160023, winc=2000, binc=2000
2026-02-24 22:13:12,068 Panic Mode: Time low! Capping sims to 40000. alloc=9501.1ms safe=159023.0ms
2026-02-24 22:13:18,808 [DONE] Move: g7g5 | Sims: 40185 | Time Used: 6.74s | NPS: 5962
2026-02-24 22:13:41,988 [START] Time allocated: wtime=67442, btime=155252, winc=2000, binc=2000
2026-02-24 22:13:41,989 Panic Mode: Time low! Capping sims to 40000. alloc=9262.6ms safe=154252.0ms
2026-02-24 22:13:48,878 [DONE] Move: g5f4 | Sims: 40190 | Time Used: 6.89s | NPS: 5833
2026-02-24 22:13:55,164 [START] Time allocated: wtime=63187, btime=150334, winc=2000, binc=2000
2026-02-24 22:13:55,164 Panic Mode: Time low! Capping sims to 40000. alloc=9016.7ms safe=149334.0ms
2026-02-24 22:14:02,138 [DONE] Move: g8e7 | Sims: 40189 | Time Used: 6.97s | NPS: 5763
2026-02-24 22:14:11,092 [START] Time allocated: wtime=56271, btime=145324, winc=2000, binc=2000
2026-02-24 22:14:11,092 Panic Mode: Time low! Capping sims to 40000. alloc=8766.2ms safe=144324.0ms
2026-02-24 22:14:17,962 [DONE] Move: e7g6 | Sims: 40189 | Time Used: 6.87s | NPS: 5850
2026-02-24 22:14:26,993 [START] Time allocated: wtime=49273, btime=140422, winc=2000, binc=2000
2026-02-24 22:14:26,994 Panic Mode: Time low! Capping sims to 40000. alloc=8521.1ms safe=139422.0ms
2026-02-24 22:14:33,955 [DONE] Move: c8f5 | Sims: 40144 | Time Used: 6.96s | NPS: 5766
2026-02-24 22:14:42,908 [START] Time allocated: wtime=42341, btime=135441, winc=2000, binc=2000
2026-02-24 22:14:42,908 Panic Mode: Time low! Capping sims to 40000. alloc=8272.0ms safe=134441.0ms
2026-02-24 22:14:49,586 [DONE] Move: d4e3 | Sims: 40192 | Time Used: 6.68s | NPS: 6019
2026-02-24 22:14:57,247 [START] Time allocated: wtime=36700, btime=130745, winc=2000, binc=2000
2026-02-24 22:14:57,247 Panic Mode: Time low! Capping sims to 40000. alloc=8037.2ms safe=129745.0ms
2026-02-24 22:15:03,709 [DONE] Move: a8d8 | Sims: 40192 | Time Used: 6.46s | NPS: 6219
2026-02-24 22:15:11,140 [START] Time allocated: wtime=31296, btime=126258, winc=2000, binc=2000
2026-02-24 22:15:11,140 Panic Mode: Time low! Capping sims to 40000. alloc=7812.9ms safe=125258.0ms
2026-02-24 22:15:18,548 [DONE] Move: f8g7 | Sims: 40189 | Time Used: 7.41s | NPS: 5425
2026-02-24 22:15:31,808 [START] Time allocated: wtime=20066, btime=120822, winc=2000, binc=2000
2026-02-24 22:15:31,808 Panic Mode: Time low! Capping sims to 40000. alloc=7541.1ms safe=119822.0ms
2026-02-24 22:15:38,580 [DONE] Move: g6h4 | Sims: 40171 | Time Used: 6.77s | NPS: 5932
2026-02-24 22:15:44,713 [START] Time allocated: wtime=15967, btime=116018, winc=2000, binc=2000
2026-02-24 22:15:44,713 Panic Mode: Time low! Capping sims to 40000. alloc=7300.9ms safe=115018.0ms
2026-02-24 22:15:51,106 [DONE] Move: b7c6 | Sims: 40174 | Time Used: 6.39s | NPS: 6283
2026-02-24 22:15:58,562 [START] Time allocated: wtime=10530, btime=111607, winc=2000, binc=2000
2026-02-24 22:15:58,563 Panic Mode: Time low! Capping sims to 40000. alloc=7080.4ms safe=110607.0ms
2026-02-24 22:16:05,667 [DONE] Move: g7f8 | Sims: 40174 | Time Used: 7.10s | NPS: 5655
2026-02-24 22:16:10,776 [START] Time allocated: wtime=7447, btime=106477, winc=2000, binc=2000
2026-02-24 22:16:10,777 Panic Mode: Time low! Capping sims to 40000. alloc=6823.9ms safe=105477.0ms
2026-02-24 22:16:17,641 [DONE] Move: d8d2 | Sims: 37120 | Time Used: 6.86s | NPS: 5407
2026-02-24 22:16:20,755 [START] Time allocated: wtime=6357, btime=101589, winc=2000, binc=2000
2026-02-24 22:16:20,756 Panic Mode: Time low! Capping sims to 40000. alloc=6579.4ms safe=100589.0ms
2026-02-24 22:16:27,372 [DONE] Move: d2b2 | Sims: 36058 | Time Used: 6.62s | NPS: 5450
2026-02-24 22:16:32,621 [START] Time allocated: wtime=3131, btime=96951, winc=2000, binc=2000
2026-02-24 22:16:32,622 Panic Mode: Time low! Capping sims to 40000. alloc=6347.6ms safe=95951.0ms
2026-02-24 22:16:38,970 [DONE] Move: f5d3 | Sims: 33022 | Time Used: 6.35s | NPS: 5202
2026-02-24 22:16:40,817 [START] Time allocated: wtime=3306, btime=92583, winc=2000, binc=2000
2026-02-24 22:16:40,817 Panic Mode: Time low! Capping sims to 39839. alloc=6129.1ms safe=91583.0ms
2026-02-24 22:16:46,951 [DONE] Move: d3c4 | Sims: 32511 | Time Used: 6.13s | NPS: 5299
2026-02-24 22:16:49,545 [START] Time allocated: wtime=2730, btime=88433, winc=2000, binc=2000
2026-02-24 22:16:49,545 Panic Mode: Time low! Capping sims to 38490. alloc=5921.6ms safe=87433.0ms
2026-02-24 22:16:55,479 [DONE] Move: c4e6 | Sims: 31950 | Time Used: 5.93s | NPS: 5384
2026-02-24 22:16:57,491 [START] Time allocated: wtime=2744, btime=84475, winc=2000, binc=2000
2026-02-24 22:16:57,492 Panic Mode: Time low! Capping sims to 37204. alloc=5723.8ms safe=83475.0ms
2026-02-24 22:17:03,245 [DONE] Move: f8e7 | Sims: 31646 | Time Used: 5.75s | NPS: 5500
2026-02-24 22:17:04,250 [START] Time allocated: wtime=3763, btime=80699, winc=2000, binc=2000
2026-02-24 22:17:04,251 Panic Mode: Time low! Capping sims to 35977. alloc=5534.9ms safe=79699.0ms
2026-02-24 22:17:09,832 [DONE] Move: e7g5 | Sims: 29644 | Time Used: 5.58s | NPS: 5311
2026-02-24 22:17:11,444 [START] Time allocated: wtime=4173, btime=77097, winc=2000, binc=2000
2026-02-24 22:17:11,445 Panic Mode: Time low! Capping sims to 34806. alloc=5354.9ms safe=76097.0ms
2026-02-24 22:17:16,824 [DONE] Move: b2b5 | Sims: 28767 | Time Used: 5.38s | NPS: 5347
2026-02-24 22:17:18,849 [START] Time allocated: wtime=4171, btime=73696, winc=2000, binc=2000
2026-02-24 22:17:18,849 Panic Mode: Time low! Capping sims to 33701. alloc=5184.8ms safe=72696.0ms
2026-02-24 22:17:24,064 [DONE] Move: e8e7 | Sims: 27648 | Time Used: 5.21s | NPS: 5301
2026-02-24 22:17:26,396 [START] Time allocated: wtime=3866, btime=70455, winc=2000, binc=2000
2026-02-24 22:17:26,397 Panic Mode: Time low! Capping sims to 32647. alloc=5022.8ms safe=69455.0ms
2026-02-24 22:17:31,426 [DONE] Move: h7h6 | Sims: 25583 | Time Used: 5.03s | NPS: 5087
2026-02-24 22:17:34,548 [START] Time allocated: wtime=2769, btime=67402, winc=2000, binc=2000
2026-02-24 22:17:34,549 Panic Mode: Time low! Capping sims to 31655. alloc=4870.1ms safe=66402.0ms
2026-02-24 22:17:39,445 [DONE] Move: b5e5 | Sims: 26102 | Time Used: 4.90s | NPS: 5330
2026-02-24 22:17:41,750 [START] Time allocated: wtime=2503, btime=64469, winc=2000, binc=2000
2026-02-24 22:17:41,750 Panic Mode: Time low! Capping sims to 30702. alloc=4723.4ms safe=63469.0ms
2026-02-24 22:17:46,475 [DONE] Move: e5g5 | Sims: 25847 | Time Used: 4.72s | NPS: 5470
2026-02-24 22:17:47,309 [START] Time allocated: wtime=3701, btime=61714, winc=2000, binc=2000
2026-02-24 22:17:47,310 Panic Mode: Time low! Capping sims to 29807. alloc=4585.7ms safe=60714.0ms
2026-02-24 22:17:51,930 [DONE] Move: h8d8 | Sims: 25208 | Time Used: 4.62s | NPS: 5456
2026-02-24 22:17:54,992 [START] Time allocated: wtime=2665, btime=59069, winc=2000, binc=2000
2026-02-24 22:17:54,993 Panic Mode: Time low! Capping sims to 28947. alloc=4453.4ms safe=58069.0ms
2026-02-24 22:17:59,470 [DONE] Move: g5g1 | Sims: 20734 | Time Used: 4.48s | NPS: 4630
2026-02-24 22:18:00,289 [START] Time allocated: wtime=3877, btime=56563, winc=2000, binc=2000
2026-02-24 22:18:00,289 Panic Mode: Time low! Capping sims to 28132. alloc=4328.1ms safe=55563.0ms
2026-02-24 22:18:04,637 [DONE] Move: d8d5 | Sims: 22528 | Time Used: 4.35s | NPS: 5181
2026-02-24 22:18:06,321 [START] Time allocated: wtime=4223, btime=54187, winc=2000, binc=2000
2026-02-24 22:18:06,321 Panic Mode: Time low! Capping sims to 27360. alloc=4209.4ms safe=53187.0ms
2026-02-24 22:18:10,553 [DONE] Move: h6h5 | Sims: 19712 | Time Used: 4.23s | NPS: 4658
2026-02-24 22:18:14,043 [START] Time allocated: wtime=2758, btime=51932, winc=2000, binc=2000
2026-02-24 22:18:14,043 Panic Mode: Time low! Capping sims to 26627. alloc=4096.6ms safe=50932.0ms
2026-02-24 22:18:18,187 [DONE] Move: d5d3 | Sims: 21504 | Time Used: 4.14s | NPS: 5189
2026-02-24 22:18:20,477 [START] Time allocated: wtime=2502, btime=49756, winc=2000, binc=2000
2026-02-24 22:18:20,477 Panic Mode: Time low! Capping sims to 25920. alloc=3987.8ms safe=48756.0ms
2026-02-24 22:18:24,467 [DONE] Move: d3a3 | Sims: 20992 | Time Used: 3.99s | NPS: 5261
2026-02-24 22:18:25,311 [START] Time allocated: wtime=3689, btime=47737, winc=2000, binc=2000
2026-02-24 22:18:25,312 Panic Mode: Time low! Capping sims to 25264. alloc=3886.8ms safe=46737.0ms
2026-02-24 22:18:29,233 [DONE] Move: a7a5 | Sims: 20224 | Time Used: 3.92s | NPS: 5157
2026-02-24 22:18:32,289 [START] Time allocated: wtime=2663, btime=45787, winc=2000, binc=2000
2026-02-24 22:18:32,290 Panic Mode: Time low! Capping sims to 24630. alloc=3789.3ms safe=44787.0ms
2026-02-24 22:18:36,088 [DONE] Move: a5a4 | Sims: 18432 | Time Used: 3.80s | NPS: 4853
2026-02-24 22:18:38,293 [START] Time allocated: wtime=2484, btime=43964, winc=2000, binc=2000
2026-02-24 22:18:38,293 Panic Mode: Time low! Capping sims to 24038. alloc=3698.2ms safe=42964.0ms
2026-02-24 22:18:42,001 [DONE] Move: a3a2 | Sims: 18688 | Time Used: 3.71s | NPS: 5040
2026-02-24 22:18:44,049 [START] Time allocated: wtime=2454, btime=42241, winc=2000, binc=2000
2026-02-24 22:18:44,049 Panic Mode: Time low! Capping sims to 23478. alloc=3612.1ms safe=41241.0ms
2026-02-24 22:18:47,707 [DONE] Move: a4a3 | Sims: 18432 | Time Used: 3.66s | NPS: 5039
2026-02-24 22:18:49,733 [START] Time allocated: wtime=2449, btime=40564, winc=2000, binc=2000
2026-02-24 22:18:49,733 Panic Mode: Time low! Capping sims to 22933. alloc=3528.2ms safe=39564.0ms
2026-02-24 22:18:53,263 [DONE] Move: a2a1 | Sims: 17664 | Time Used: 3.53s | NPS: 5004
2026-02-24 22:18:54,839 [START] Time allocated: wtime=2899, btime=39011, winc=2000, binc=2000
2026-02-24 22:18:54,839 Panic Mode: Time low! Capping sims to 22428. alloc=3450.6ms safe=38011.0ms
2026-02-24 22:18:58,300 [DONE] Move: a3a2 | Sims: 17664 | Time Used: 3.46s | NPS: 5103
2026-02-24 22:18:59,744 [START] Time allocated: wtime=3484, btime=37523, winc=2000, binc=2000
2026-02-24 22:18:59,745 Panic Mode: Time low! Capping sims to 21944. alloc=3376.2ms safe=36523.0ms
2026-02-24 22:19:03,145 [DONE] Move: a1b1 | Sims: 16896 | Time Used: 3.40s | NPS: 4969
2026-02-24 22:19:05,946 [START] Time allocated: wtime=2712, btime=36096, winc=2000, binc=2000
2026-02-24 22:19:05,947 Panic Mode: Time low! Capping sims to 21481. alloc=3304.8ms safe=35096.0ms
2026-02-24 22:19:09,277 [DONE] Move: a2a1q | Sims: 16087 | Time Used: 3.33s | NPS: 4830
2026-02-24 22:19:11,520 [START] Time allocated: wtime=2494, btime=34741, winc=2000, binc=2000
2026-02-24 22:19:11,521 Panic Mode: Time low! Capping sims to 21040. alloc=3237.1ms safe=33741.0ms
2026-02-24 22:19:14,800 [DONE] Move: a1b2 | Sims: 18526 | Time Used: 3.28s | NPS: 5649
2026-02-24 22:19:15,417 [START] Time allocated: wtime=3910, btime=33431, winc=2000, binc=2000
2026-02-24 22:19:15,418 Panic Mode: Time low! Capping sims to 20615. alloc=3171.6ms safe=32431.0ms
2026-02-24 22:19:18,595 [DONE] Move: b2f6 | Sims: 15777 | Time Used: 3.18s | NPS: 4965
2026-02-24 22:19:21,828 [START] Time allocated: wtime=2703, btime=32230, winc=2000, binc=2000
2026-02-24 22:19:21,828 Panic Mode: Time low! Capping sims to 20224. alloc=3111.5ms safe=31230.0ms
2026-02-24 22:19:24,976 [DONE] Move: b1b2 | Sims: 18199 | Time Used: 3.15s | NPS: 5782
2026-02-24 22:19:25,796 [START] Time allocated: wtime=3911, btime=31057, winc=2000, binc=2000
2026-02-24 22:19:25,796 Panic Mode: Time low! Capping sims to 19843. alloc=3052.8ms safe=30057.0ms
2026-02-24 22:19:28,888 [DONE] Move: b2e2 | Sims: 15725 | Time Used: 3.09s | NPS: 5086
2026-02-24 22:19:29,310 [START] Time allocated: wtime=5510, btime=29945, winc=2000, binc=2000
2026-02-24 22:19:29,311 Panic Mode: Time low! Capping sims to 19482. alloc=2997.2ms safe=28945.0ms
2026-02-24 22:19:32,308 [DONE] Move: e6g4 | Sims: 13074 | Time Used: 3.00s | NPS: 4361
2026-02-24 22:19:33,068 [START] Time allocated: wtime=6771, btime=28929, winc=2000, binc=2000
2026-02-24 22:19:33,068 Panic Mode: Time low! Capping sims to 19151. alloc=2946.4ms safe=27929.0ms
2026-02-24 22:19:36,022 [DONE] Move: f6f3 | Sims: 11011 | Time Used: 2.95s | NPS: 3728
2026-02-24 22:19:36,477 [START] Time allocated: wtime=8333, btime=27960, winc=2000, binc=2000
2026-02-24 22:19:36,478 Panic Mode: Time low! Capping sims to 18837. alloc=2898.0ms safe=26960.0ms
2026-02-24 22:19:38,425 [DONE] Move: g4e6 | Sims: 2468 | Time Used: 1.95s | NPS: 1267
2026-02-24 22:19:38,448 [START] Time allocated: wtime=10314, btime=28009, winc=2000, binc=2000
